c:\users\jvank\source\repos\plugins\sdrunoplugin_navtex\release\vc142.pdb
c:\users\jvank\source\repos\plugins\sdrunoplugin_navtex\release\up-filter.obj
c:\users\jvank\source\repos\plugins\sdrunoplugin_navtex\release\decimator.obj
c:\users\jvank\source\repos\plugins\sdrunoplugin_navtex\release\utilities.obj
c:\users\jvank\source\repos\plugins\sdrunoplugin_navtex\release\lowpassfilter.obj
c:\users\jvank\source\repos\plugins\sdrunoplugin_navtex\release\navtex-shifter.obj
c:\users\jvank\source\repos\plugins\sdrunoplugin_navtex\release\navtex-bandfilter.obj
c:\users\jvank\source\repos\plugins\sdrunoplugin_navtex\release\sdrunoplugin_navtexui.obj
c:\users\jvank\source\repos\plugins\sdrunoplugin_navtex\release\sdrunoplugin_navtexproject.obj
c:\users\jvank\source\repos\plugins\sdrunoplugin_navtex\release\sdrunoplugin_navtexform.obj
c:\users\jvank\source\repos\plugins\sdrunoplugin_navtex\release\sdrunoplugin_navtex.obj
c:\users\jvank\source\repos\plugins\sdrunoplugin_navtex\release\dllmain.obj
c:\users\jvank\source\repos\plugins\sdrunoplugin_navtex\release\sdrunoplugin_navtex.dll
c:\users\jvank\source\repos\plugins\sdrunoplugin_navtex\release\sdrunoplugin_navtex.pdb
c:\users\jvank\source\repos\plugins\sdrunoplugin_navtex\release\sdrunoplugin_navtex.res
c:\users\jvank\source\repos\plugins\sdrunoplugin_navtex\release\sdrunoplugin_navtex.lib
c:\users\jvank\source\repos\plugins\sdrunoplugin_navtex\release\sdrunoplugin_navtex.exp
c:\users\jvank\source\repos\plugins\sdrunoplugin_navtex\release\sdrunopl.02f5e67b.tlog\cl.command.1.tlog
c:\users\jvank\source\repos\plugins\sdrunoplugin_navtex\release\sdrunopl.02f5e67b.tlog\cl.read.1.tlog
c:\users\jvank\source\repos\plugins\sdrunoplugin_navtex\release\sdrunopl.02f5e67b.tlog\cl.write.1.tlog
c:\users\jvank\source\repos\plugins\sdrunoplugin_navtex\release\sdrunopl.02f5e67b.tlog\link.command.1.tlog
c:\users\jvank\source\repos\plugins\sdrunoplugin_navtex\release\sdrunopl.02f5e67b.tlog\link.read.1.tlog
c:\users\jvank\source\repos\plugins\sdrunoplugin_navtex\release\sdrunopl.02f5e67b.tlog\link.write.1.tlog
c:\users\jvank\source\repos\plugins\sdrunoplugin_navtex\release\sdrunopl.02f5e67b.tlog\rc.command.1.tlog
c:\users\jvank\source\repos\plugins\sdrunoplugin_navtex\release\sdrunopl.02f5e67b.tlog\rc.read.1.tlog
c:\users\jvank\source\repos\plugins\sdrunoplugin_navtex\release\sdrunopl.02f5e67b.tlog\rc.write.1.tlog
c:\users\jvank\source\repos\plugins\sdrunoplugin_navtex\release\sdrunopl.02f5e67b.tlog\sdrunoplugin_navtex.write.1u.tlog
